# JRE version: OpenJDK Runtime Environment Corretto-11.0.14.10.1 (11.0.14.1+10) (build 11.0.14.1+10-LTS)
# Java VM: OpenJDK 64-Bit Server VM Corretto-11.0.14.10.1 (11.0.14.1+10-LTS, mixed mode, tiered, compressed oops, g1 gc, windows-amd64)
Heap:
 garbage-first heap   total 514048K, used 129915K [0x000000060a200000, 0x0000000800000000)
  region size 2048K, 36 young (73728K), 4 survivors (8192K)
 Metaspace       used 42349K, capacity 43164K, committed 43340K, reserved 1087488K
  class space    used 4633K, capacity 4942K, committed 4992K, reserved 1048576K
GC Heap History (12 events):
Event: 1.704 GC heap before
{Heap before GC invocations=0 (full 0):
 garbage-first heap   total 514048K, used 24576K [0x000000060a200000, 0x0000000800000000)
  region size 2048K, 12 young (24576K), 0 survivors (0K)
 Metaspace       used 10325K, capacity 10469K, committed 10496K, reserved 1058816K
  class space    used 949K, capacity 1022K, committed 1024K, reserved 1048576K
}
Event: 1.711 GC heap after
{Heap after GC invocations=1 (full 0):
 garbage-first heap   total 514048K, used 5148K [0x000000060a200000, 0x0000000800000000)
  region size 2048K, 2 young (4096K), 2 survivors (4096K)
 Metaspace       used 10325K, capacity 10469K, committed 10496K, reserved 1058816K
  class space    used 949K, capacity 1022K, committed 1024K, reserved 1048576K
}
Event: 8.578 GC heap before
{Heap before GC invocations=1 (full 0):
 garbage-first heap   total 514048K, used 177180K [0x000000060a200000, 0x0000000800000000)
  region size 2048K, 87 young (178176K), 2 survivors (4096K)
 Metaspace       used 20864K, capacity 21152K, committed 21248K, reserved 1069056K
  class space    used 1911K, capacity 2006K, committed 2048K, reserved 1048576K
}
Event: 8.612 GC heap after
{Heap after GC invocations=2 (full 0):
 garbage-first heap   total 514048K, used 20956K [0x000000060a200000, 0x0000000800000000)
  region size 2048K, 10 young (20480K), 10 survivors (20480K)
 Metaspace       used 20864K, capacity 21152K, committed 21248K, reserved 1069056K
  class space    used 1911K, capacity 2006K, committed 2048K, reserved 1048576K
}
Event: 20.919 GC heap before
{Heap before GC invocations=3 (full 0):
 garbage-first heap   total 514048K, used 127452K [0x000000060a200000, 0x0000000800000000)
  region size 2048K, 62 young (126976K), 10 survivors (20480K)
 Metaspace       used 28582K, capacity 29021K, committed 29184K, reserved 1075200K
  class space    used 2810K, capacity 2989K, committed 3072K, reserved 1048576K
}
Event: 20.936 GC heap after
{Heap after GC invocations=4 (full 0):
 garbage-first heap   total 514048K, used 31314K [0x000000060a200000, 0x0000000800000000)
  region size 2048K, 6 young (12288K), 6 survivors (12288K)
 Metaspace       used 28582K, capacity 29021K, committed 29184K, reserved 1075200K
  class space    used 2810K, capacity 2989K, committed 3072K, reserved 1048576K
}
Event: 25.316 GC heap before
{Heap before GC invocations=4 (full 0):
 garbage-first heap   total 514048K, used 152146K [0x000000060a200000, 0x0000000800000000)
  region size 2048K, 65 young (133120K), 6 survivors (12288K)
 Metaspace       used 35044K, capacity 35547K, committed 35840K, reserved 1081344K
  class space    used 3622K, capacity 3799K, committed 3840K, reserved 1048576K
}
Event: 25.325 GC heap after
{Heap after GC invocations=5 (full 0):
 garbage-first heap   total 514048K, used 42637K [0x000000060a200000, 0x0000000800000000)
  region size 2048K, 9 young (18432K), 9 survivors (18432K)
 Metaspace       used 35044K, capacity 35547K, committed 35840K, reserved 1081344K
  class space    used 3622K, capacity 3799K, committed 3840K, reserved 1048576K
}
Event: 25.507 GC heap before
{Heap before GC invocations=5 (full 0):
 garbage-first heap   total 514048K, used 48781K [0x000000060a200000, 0x0000000800000000)
  region size 2048K, 13 young (26624K), 9 survivors (18432K)
 Metaspace       used 35328K, capacity 35777K, committed 35840K, reserved 1081344K
  class space    used 3660K, capacity 3833K, committed 3840K, reserved 1048576K
}
Event: 25.519 GC heap after
{Heap after GC invocations=6 (full 0):
 garbage-first heap   total 514048K, used 44516K [0x000000060a200000, 0x0000000800000000)
  region size 2048K, 6 young (12288K), 6 survivors (12288K)
 Metaspace       used 35328K, capacity 35777K, committed 35840K, reserved 1081344K
  class space    used 3660K, capacity 3833K, committed 3840K, reserved 1048576K
}
Event: 32.337 GC heap before
{Heap before GC invocations=7 (full 0):
 garbage-first heap   total 514048K, used 130532K [0x000000060a200000, 0x0000000800000000)
  region size 2048K, 48 young (98304K), 6 survivors (12288K)
 Metaspace       used 39212K, capacity 39977K, committed 40140K, reserved 1085440K
  class space    used 4229K, capacity 4539K, committed 4608K, reserved 1048576K
}
Event: 32.345 GC heap after
{Heap after GC invocations=8 (full 0):
 garbage-first heap   total 514048K, used 50043K [0x000000060a200000, 0x0000000800000000)
  region size 2048K, 4 young (8192K), 4 survivors (8192K)
 Metaspace       used 39212K, capacity 39977K, committed 40140K, reserved 1085440K
  class space    used 4229K, capacity 4539K, committed 4608K, reserved 1048576K
}

